<?xml version="1.0" encoding="UTF-8"?>
<testsuite name="org.Chat.ChatServiceTest1" tests="1" skipped="0" failures="0" errors="0" timestamp="2021-06-21T08:23:43" hostname="TOCHKA0996" time="0.004">
  <properties/>
  <testcase name="deleteChat" classname="org.Chat.ChatServiceTest1" time="0.004"/>
  <system-out><![CDATA[]]></system-out>
  <system-err><![CDATA[]]></system-err>
</testsuite>
